c:\users\omistaja\source\repos\tallihassakka\tallihassakka\x64\debug\vc143.pdb
c:\users\omistaja\source\repos\tallihassakka\tallihassakka\x64\debug\vc143.idb
c:\users\omistaja\source\repos\tallihassakka\tallihassakka\x64\debug\tallihassakka.obj
c:\users\omistaja\source\repos\tallihassakka\tallihassakka\x64\debug\koira.obj
c:\users\omistaja\source\repos\tallihassakka\tallihassakka\x64\debug\heppa.obj
c:\users\omistaja\source\repos\tallihassakka\tallihassakka\x64\debug\asukkaat.obj
c:\users\omistaja\source\repos\tallihassakka\tallihassakka\x64\debug\tallikissa.obj
c:\users\omistaja\source\repos\tallihassakka\tallihassakka\x64\debug\taulukko.obj
c:\users\omistaja\source\repos\tallihassakka\x64\debug\tallihassakka.exe
c:\users\omistaja\source\repos\tallihassakka\tallihassakka\x64\debug\tallihassakka.ilk
c:\users\omistaja\source\repos\tallihassakka\x64\debug\tallihassakka.pdb
c:\users\omistaja\source\repos\tallihassakka\tallihassakka\x64\debug\asukkaat.nativecodeanalysis.xml
c:\users\omistaja\source\repos\tallihassakka\tallihassakka\x64\debug\heppa.nativecodeanalysis.xml
c:\users\omistaja\source\repos\tallihassakka\tallihassakka\x64\debug\koira.nativecodeanalysis.xml
c:\users\omistaja\source\repos\tallihassakka\tallihassakka\x64\debug\tallihassakka.nativecodeanalysis.xml
c:\users\omistaja\source\repos\tallihassakka\tallihassakka\x64\debug\vc.nativecodeanalysis.all.xml
c:\users\omistaja\source\repos\tallihassakka\tallihassakka\x64\debug\tallihassakka.tlog\cl.command.1.tlog
c:\users\omistaja\source\repos\tallihassakka\tallihassakka\x64\debug\tallihassakka.tlog\cl.read.1.tlog
c:\users\omistaja\source\repos\tallihassakka\tallihassakka\x64\debug\tallihassakka.tlog\cl.write.1.tlog
c:\users\omistaja\source\repos\tallihassakka\tallihassakka\x64\debug\tallihassakka.tlog\link.command.1.tlog
c:\users\omistaja\source\repos\tallihassakka\tallihassakka\x64\debug\tallihassakka.tlog\link.read.1.tlog
c:\users\omistaja\source\repos\tallihassakka\tallihassakka\x64\debug\tallihassakka.tlog\link.write.1.tlog
